<?xml version="1.0" encoding="UTF-8"?>
<!-- Generated by org.testng.reporters.JUnitReportReporter -->
<testsuite hostname="DESKTOP-GV8RDT5" failures="0" tests="1" name="MavenP.MavenProject.AppTest" time="0.000" errors="0" timestamp="17 Jan 2021 08:47:50 GMT">
  <testcase classname="MavenP.MavenProject.AppTest" name="shouldAnswerWithTrue" time="0.000"/>
</testsuite> <!-- MavenP.MavenProject.AppTest -->
