<?xml version="1.0" encoding="UTF-8"?>
<!-- Generated by org.testng.reporters.JUnitReportReporter -->
<testsuite hostname="DESKTOP-GV8RDT5" failures="0" tests="1" name="MavenP.MavenProject.Test3" time="0.003" errors="0" timestamp="17 Jan 2021 04:10:21 GMT" skipped="0">
  <testcase classname="MavenP.MavenProject.Test3" name="testing3" time="0.003"/>
</testsuite> <!-- MavenP.MavenProject.Test3 -->
