<?xml version="1.0" encoding="UTF-8"?>
<!-- Generated by org.testng.reporters.JUnitReportReporter -->
<testsuite hostname="DESKTOP-GV8RDT5" failures="0" tests="2" name="MavenP.MavenProject.Test1" time="0.021" errors="0" timestamp="17 Jan 2021 04:10:21 GMT" skipped="0">
  <testcase classname="MavenP.MavenProject.Test1" name="testing1" time="0.004"/>
  <testcase classname="MavenP.MavenProject.Test1" name="testing" time="0.017"/>
</testsuite> <!-- MavenP.MavenProject.Test1 -->
