<?xml version="1.0" encoding="UTF-8"?>
<!-- Generated by org.testng.reporters.JUnitReportReporter -->
<testsuite hostname="DESKTOP-GV8RDT5" failures="0" tests="1" name="MavenP.MavenProject.Test3Test" time="0.001" errors="0" timestamp="18 Jan 2021 14:01:37 GMT">
  <testcase classname="MavenP.MavenProject.Test3Test" name="testing3" time="0.001"/>
</testsuite> <!-- MavenP.MavenProject.Test3Test -->
