<?xml version="1.0" encoding="UTF-8"?>
<!-- Generated by org.testng.reporters.JUnitReportReporter -->
<testsuite hostname="DESKTOP-GV8RDT5" failures="0" tests="1" name="MavenP.MavenProject.Test1Test" time="0.010" errors="0" timestamp="18 Jan 2021 14:02:09 GMT">
  <testcase classname="MavenP.MavenProject.Test1Test" name="testing1" time="0.010"/>
</testsuite> <!-- MavenP.MavenProject.Test1Test -->
