<?xml version="1.0" encoding="UTF-8"?>
<!-- Generated by org.testng.reporters.JUnitReportReporter -->
<testsuite hostname="DESKTOP-GV8RDT5" failures="0" tests="1" name="MavenP.MavenProject.Test2Test" time="0.001" errors="0" timestamp="18 Jan 2021 14:02:09 GMT">
  <testcase classname="MavenP.MavenProject.Test2Test" name="testing2" time="0.001"/>
</testsuite> <!-- MavenP.MavenProject.Test2Test -->
